<?xml version="1.0" encoding="UTF-8"?>
<!-- Generated by org.testng.reporters.JUnitXMLReporter -->
<testsuite hostname="Mangesh-World" ignored="0" name="Default test" tests="1" failures="0" timestamp="2021-04-21T09:53:09 IST" time="0.092" errors="0">
  <testcase name="@BeforeClass openBrowser" time="0.02" classname="Module4_Test_Login.LoginTestNG">
    <failure type="java.io.IOException" message="Your InputStream was neither an OLE2 stream, nor an OOXML stream or you haven&amp;apos;t provide the poi-ooxml*.jar in the classpath/modulepath - FileMagic: OOXML, having providers: [org.apache.poi.hssf.usermodel.HSSFWorkbookFactory@64485a47]">
      <![CDATA[java.io.IOException: Your InputStream was neither an OLE2 stream, nor an OOXML stream or you haven't provide the poi-ooxml*.jar in the classpath/modulepath - FileMagic: OOXML, having providers: [org.apache.poi.hssf.usermodel.HSSFWorkbookFactory@64485a47]
at org.apache.poi.ss.usermodel.WorkbookFactory.wp(WorkbookFactory.java:300)
at org.apache.poi.ss.usermodel.WorkbookFactory.create(WorkbookFactory.java:199)
at org.apache.poi.ss.usermodel.WorkbookFactory.create(WorkbookFactory.java:163)
at Module4_Test_Login.LoginTestNG.openBrowser(LoginTestNG.java:38)
at sun.reflect.NativeMethodAccessorImpl.invoke0(Native Method)
at sun.reflect.NativeMethodAccessorImpl.invoke(Unknown Source)
at sun.reflect.DelegatingMethodAccessorImpl.invoke(Unknown Source)
at java.lang.reflect.Method.invoke(Unknown Source)
at org.testng.internal.MethodInvocationHelper.invokeMethod(MethodInvocationHelper.java:132)
at org.testng.internal.MethodInvocationHelper.invokeMethodConsideringTimeout(MethodInvocationHelper.java:61)
at org.testng.internal.ConfigInvoker.invokeConfigurationMethod(ConfigInvoker.java:366)
at org.testng.internal.ConfigInvoker.invokeConfigurations(ConfigInvoker.java:320)
at org.testng.internal.TestMethodWorker.invokeBeforeClassMethods(TestMethodWorker.java:176)
at org.testng.internal.TestMethodWorker.run(TestMethodWorker.java:122)
at java.util.ArrayList.forEach(Unknown Source)
at org.testng.TestRunner.privateRun(TestRunner.java:764)
at org.testng.TestRunner.run(TestRunner.java:585)
at org.testng.SuiteRunner.runTest(SuiteRunner.java:384)
at org.testng.SuiteRunner.runSequentially(SuiteRunner.java:378)
at org.testng.SuiteRunner.privateRun(SuiteRunner.java:337)
at org.testng.SuiteRunner.run(SuiteRunner.java:286)
at org.testng.SuiteRunnerWorker.runSuite(SuiteRunnerWorker.java:53)
at org.testng.SuiteRunnerWorker.run(SuiteRunnerWorker.java:96)
at org.testng.TestNG.runSuitesSequentially(TestNG.java:1218)
at org.testng.TestNG.runSuitesLocally(TestNG.java:1140)
at org.testng.TestNG.runSuites(TestNG.java:1069)
at org.testng.TestNG.run(TestNG.java:1037)
at org.testng.remote.AbstractRemoteTestNG.run(AbstractRemoteTestNG.java:115)
at org.testng.remote.RemoteTestNG.initAndRun(RemoteTestNG.java:251)
at org.testng.remote.RemoteTestNG.main(RemoteTestNG.java:77)
]]>
    </failure>
  </testcase> <!-- @BeforeClass openBrowser -->
  <testcase name="@BeforeMethod loginToApp" time="-1.618978989845E9" classname="Module4_Test_Login.LoginTestNG">
    <skipped/>
  </testcase> <!-- @BeforeMethod loginToApp -->
  <testcase name="@AfterMethod logoutFromApp" time="-1.618978989865E9" classname="Module4_Test_Login.LoginTestNG">
    <skipped/>
  </testcase> <!-- @AfterMethod logoutFromApp -->
  <testcase name="@AfterClass closeBrowser" time="-1.618978989865E9" classname="Module4_Test_Login.LoginTestNG">
    <skipped/>
  </testcase> <!-- @AfterClass closeBrowser -->
  <testcase name="verifyPN" time="0.0" classname="Module4_Test_Login.LoginTestNG">
    <skipped/>
  </testcase> <!-- verifyPN -->
</testsuite> <!-- Default test -->
